#
# A fatal error has been detected by the Java Runtime Environment:
#
#  Internal Error (javaClasses.cpp:139), pid=12458, tid=140726689601280
#  fatal error: Invalid layout of preloaded class
#
# JRE version:  (7.0_65-b32) (build )
# Java VM: OpenJDK 64-Bit Server VM (24.65-b04 mixed mode linux-amd64 compressed oops)
# Derivative: IcedTea 2.5.3
# Distribution: Debian GNU/Linux unstable (sid), package 7u71-2.5.3-2
# Failed to write core dump. Core dumps have been disabled. To enable core dumping, try "ulimit -c unlimited" before starting Java again
#
# If you would like to submit a bug report, please include
# instructions on how to reproduce the bug and visit:
#   http://icedtea.classpath.org/bugzilla
#

---------------  T H R E A D  ---------------

Current thread (0x00007ffd7400a000):  JavaThread "Unknown thread" [_thread_in_vm, id=12460, stack(0x00007ffd7c481000,0x00007ffd7c582000)]

Stack: [0x00007ffd7c481000,0x00007ffd7c582000],  sp=0x00007ffd7c580940,  free space=1022k
Native frames: (J=compiled Java code, j=interpreted, Vv=VM code, C=native code)
V  [libjvm.so+0x9822d6]  VMError::report_and_die()+0x186
V  [libjvm.so+0x4904b2]  report_fatal(char const*, int, char const*)+0x62
V  [libjvm.so+0x5fdebf]  compute_offset(int&, klassOopDesc*, Symbol*, Symbol*, bool) [clone .constprop.61]+0xcf
V  [libjvm.so+0x5fdfa6]  java_lang_String::compute_offsets()+0x36
V  [libjvm.so+0x9008dc]  SystemDictionary::initialize_preloaded_classes(Thread*)+0xdc
V  [libjvm.so+0x94c0f8]  Universe::genesis(Thread*)+0x468
V  [libjvm.so+0x94c703]  universe2_init()+0x33
V  [libjvm.so+0x5b0e38]  init_globals()+0xb8
V  [libjvm.so+0x92dc5f]  Threads::create_vm(JavaVMInitArgs*, bool*)+0x36f
V  [libjvm.so+0x620000]  JNI_CreateJavaVM+0x60
C  [libjli.so+0x2b8e]


---------------  P R O C E S S  ---------------

Java Threads: ( => current thread )

Other Threads:

=>0x00007ffd7400a000 (exited) JavaThread "Unknown thread" [_thread_in_vm, id=12460, stack(0x00007ffd7c481000,0x00007ffd7c582000)]

VM state:not at safepoint (not fully initialized)

VM Mutex/Monitor currently owned by a thread: None

GC Heap History (0 events):
No events

Deoptimization events (0 events):
No events

Internal exceptions (0 events):
No events

Events (10 events):
Event: 0.007 loading class 0x00007ffd788566f0 done
Event: 0.007 loading class 0x00007ffd78856110 done
Event: 0.007 loading class 0x00007ffd788560f0
Event: 0.008 loading class 0x00007ffd7885e180
Event: 0.008 loading class 0x00007ffd7885e180 done
Event: 0.008 loading class 0x00007ffd7885e1b0
Event: 0.008 loading class 0x00007ffd7885e1b0 done
Event: 0.008 loading class 0x00007ffd7885e1e0
Event: 0.008 loading class 0x00007ffd7885e1e0 done
Event: 0.008 loading class 0x00007ffd788560f0 done


Dynamic libraries:
00400000-00401000 r-xp 00000000 08:04 1178669                            /usr/lib/jvm/java-7-openjdk-amd64/jre/bin/java
00600000-00601000 r--p 00000000 08:04 1178669                            /usr/lib/jvm/java-7-openjdk-amd64/jre/bin/java
00601000-00602000 rw-p 00001000 08:04 1178669                            /usr/lib/jvm/java-7-openjdk-amd64/jre/bin/java
019e4000-01a05000 rw-p 00000000 00:00 0                                  [heap]
bba00000-bcf00000 rw-p 00000000 00:00 0 
bcf00000-c6000000 rw-p 00000000 00:00 0 
c6000000-c8680000 rw-p 00000000 00:00 0 
c8680000-eca80000 rw-p 00000000 00:00 0 
eca80000-ede00000 rw-p 00000000 00:00 0 
ede00000-100000000 rw-p 00000000 00:00 0 
7ffd60000000-7ffd60021000 rw-p 00000000 00:00 0 
7ffd60021000-7ffd64000000 ---p 00000000 00:00 0 
7ffd68000000-7ffd68021000 rw-p 00000000 00:00 0 
7ffd68021000-7ffd6c000000 ---p 00000000 00:00 0 
7ffd6edd0000-7ffd71000000 rw-p 00000000 00:00 0 
7ffd71000000-7ffd71270000 rwxp 00000000 00:00 0 
7ffd71270000-7ffd74051000 rw-p 00000000 00:00 0 
7ffd74051000-7ffd78000000 ---p 00000000 00:00 0 
7ffd784c2000-7ffd7871e000 rw-p 00000000 00:00 0 
7ffd7871e000-7ffd787e0000 r--s 010c7000 08:04 1050700                    /home/btomasulo/AndroidSDK/sdk/platforms/android-16/android.jar
7ffd787e0000-7ffd78afc000 rw-p 00000000 00:00 0 
7ffd78afc000-7ffd78afd000 ---p 00000000 00:00 0 
7ffd78afd000-7ffd78bfd000 rw-p 00000000 00:00 0                          [stack:12462]
7ffd78bfd000-7ffd78bfe000 ---p 00000000 00:00 0 
7ffd78bfe000-7ffd78d09000 rw-p 00000000 00:00 0                          [stack:12461]
7ffd78d09000-7ffd78d51000 rw-p 00000000 00:00 0 
7ffd78d51000-7ffd78d65000 rw-p 00000000 00:00 0 
7ffd78d65000-7ffd78e87000 rw-p 00000000 00:00 0 
7ffd78e87000-7ffd78e92000 rw-p 00000000 00:00 0 
7ffd78e92000-7ffd78eda000 rw-p 00000000 00:00 0 
7ffd78eda000-7ffd78eee000 rw-p 00000000 00:00 0 
7ffd78eee000-7ffd7900f000 rw-p 00000000 00:00 0 
7ffd7900f000-7ffd79019000 rw-p 00000000 00:00 0 
7ffd79019000-7ffd790aa000 rw-p 00000000 00:00 0 
7ffd790aa000-7ffd790ab000 rw-p 00000000 00:00 0 
7ffd790ab000-7ffd790b3000 r-xp 00000000 08:04 1180547                    /usr/lib/jvm/java-7-openjdk-amd64/jre/lib/amd64/libzip.so
7ffd790b3000-7ffd792b2000 ---p 00008000 08:04 1180547                    /usr/lib/jvm/java-7-openjdk-amd64/jre/lib/amd64/libzip.so
7ffd792b2000-7ffd792b3000 r--p 00007000 08:04 1180547                    /usr/lib/jvm/java-7-openjdk-amd64/jre/lib/amd64/libzip.so
7ffd792b3000-7ffd792b4000 rw-p 00008000 08:04 1180547                    /usr/lib/jvm/java-7-openjdk-amd64/jre/lib/amd64/libzip.so
7ffd792b4000-7ffd792bf000 r-xp 00000000 08:04 1704866                    /lib/x86_64-linux-gnu/libnss_files-2.19.so
7ffd792bf000-7ffd794be000 ---p 0000b000 08:04 1704866                    /lib/x86_64-linux-gnu/libnss_files-2.19.so
7ffd794be000-7ffd794bf000 r--p 0000a000 08:04 1704866                    /lib/x86_64-linux-gnu/libnss_files-2.19.so
7ffd794bf000-7ffd794c0000 rw-p 0000b000 08:04 1704866                    /lib/x86_64-linux-gnu/libnss_files-2.19.so
7ffd794c0000-7ffd794ca000 r-xp 00000000 08:04 1704868                    /lib/x86_64-linux-gnu/libnss_nis-2.19.so
7ffd794ca000-7ffd796c9000 ---p 0000a000 08:04 1704868                    /lib/x86_64-linux-gnu/libnss_nis-2.19.so
7ffd796c9000-7ffd796ca000 r--p 00009000 08:04 1704868                    /lib/x86_64-linux-gnu/libnss_nis-2.19.so
7ffd796ca000-7ffd796cb000 rw-p 0000a000 08:04 1704868                    /lib/x86_64-linux-gnu/libnss_nis-2.19.so
7ffd796cb000-7ffd796e0000 r-xp 00000000 08:04 1704863                    /lib/x86_64-linux-gnu/libnsl-2.19.so
7ffd796e0000-7ffd798df000 ---p 00015000 08:04 1704863                    /lib/x86_64-linux-gnu/libnsl-2.19.so
7ffd798df000-7ffd798e0000 r--p 00014000 08:04 1704863                    /lib/x86_64-linux-gnu/libnsl-2.19.so
7ffd798e0000-7ffd798e1000 rw-p 00015000 08:04 1704863                    /lib/x86_64-linux-gnu/libnsl-2.19.so
7ffd798e1000-7ffd798e3000 rw-p 00000000 00:00 0 
7ffd798e3000-7ffd798ea000 r-xp 00000000 08:04 1704864                    /lib/x86_64-linux-gnu/libnss_compat-2.19.so
7ffd798ea000-7ffd79ae9000 ---p 00007000 08:04 1704864                    /lib/x86_64-linux-gnu/libnss_compat-2.19.so
7ffd79ae9000-7ffd79aea000 r--p 00006000 08:04 1704864                    /lib/x86_64-linux-gnu/libnss_compat-2.19.so
7ffd79aea000-7ffd79aeb000 rw-p 00007000 08:04 1704864                    /lib/x86_64-linux-gnu/libnss_compat-2.19.so
7ffd79aeb000-7ffd79b18000 r-xp 00000000 08:04 1180751                    /usr/lib/jvm/java-7-openjdk-amd64/jre/lib/amd64/libjava.so
7ffd79b18000-7ffd79d17000 ---p 0002d000 08:04 1180751                    /usr/lib/jvm/java-7-openjdk-amd64/jre/lib/amd64/libjava.so
7ffd79d17000-7ffd79d18000 r--p 0002c000 08:04 1180751                    /usr/lib/jvm/java-7-openjdk-amd64/jre/lib/amd64/libjava.so
7ffd79d18000-7ffd79d1a000 rw-p 0002d000 08:04 1180751                    /usr/lib/jvm/java-7-openjdk-amd64/jre/lib/amd64/libjava.so
7ffd79d1a000-7ffd79d2b000 r-xp 00000000 08:04 1180543                    /usr/lib/jvm/java-7-openjdk-amd64/jre/lib/amd64/libverify.so
7ffd79d2b000-7ffd79f2a000 ---p 00011000 08:04 1180543                    /usr/lib/jvm/java-7-openjdk-amd64/jre/lib/amd64/libverify.so
7ffd79f2a000-7ffd79f2c000 r--p 00010000 08:04 1180543                    /usr/lib/jvm/java-7-openjdk-amd64/jre/lib/amd64/libverify.so
7ffd79f2c000-7ffd79f2d000 rw-p 00012000 08:04 1180543                    /usr/lib/jvm/java-7-openjdk-amd64/jre/lib/amd64/libverify.so
7ffd79f2d000-7ffd79f34000 r-xp 00000000 08:04 1705557                    /lib/x86_64-linux-gnu/librt-2.19.so
7ffd79f34000-7ffd7a133000 ---p 00007000 08:04 1705557                    /lib/x86_64-linux-gnu/librt-2.19.so
7ffd7a133000-7ffd7a134000 r--p 00006000 08:04 1705557                    /lib/x86_64-linux-gnu/librt-2.19.so
7ffd7a134000-7ffd7a135000 rw-p 00007000 08:04 1705557                    /lib/x86_64-linux-gnu/librt-2.19.so
7ffd7a135000-7ffd7a14b000 r-xp 00000000 08:04 1703665                    /lib/x86_64-linux-gnu/libgcc_s.so.1
7ffd7a14b000-7ffd7a34a000 ---p 00016000 08:04 1703665                    /lib/x86_64-linux-gnu/libgcc_s.so.1
7ffd7a34a000-7ffd7a34b000 rw-p 00015000 08:04 1703665                    /lib/x86_64-linux-gnu/libgcc_s.so.1
7ffd7a34b000-7ffd7a44b000 r-xp 00000000 08:04 1704861                    /lib/x86_64-linux-gnu/libm-2.19.so
7ffd7a44b000-7ffd7a64a000 ---p 00100000 08:04 1704861                    /lib/x86_64-linux-gnu/libm-2.19.so
7ffd7a64a000-7ffd7a64b000 r--p 000ff000 08:04 1704861                    /lib/x86_64-linux-gnu/libm-2.19.so
7ffd7a64b000-7ffd7a64c000 rw-p 00100000 08:04 1704861                    /lib/x86_64-linux-gnu/libm-2.19.so
7ffd7a64c000-7ffd7a738000 r-xp 00000000 08:04 1458316                    /usr/lib/x86_64-linux-gnu/libstdc++.so.6.0.20
7ffd7a738000-7ffd7a938000 ---p 000ec000 08:04 1458316                    /usr/lib/x86_64-linux-gnu/libstdc++.so.6.0.20
7ffd7a938000-7ffd7a940000 r--p 000ec000 08:04 1458316                    /usr/lib/x86_64-linux-gnu/libstdc++.so.6.0.20
7ffd7a940000-7ffd7a942000 rw-p 000f4000 08:04 1458316                    /usr/lib/x86_64-linux-gnu/libstdc++.so.6.0.20
7ffd7a942000-7ffd7a957000 rw-p 00000000 00:00 0 
7ffd7a957000-7ffd7b4a7000 r-xp 00000000 08:04 1180759                    /usr/lib/jvm/java-7-openjdk-amd64/jre/lib/amd64/server/libjvm.so
7ffd7b4a7000-7ffd7b6a7000 ---p 00b50000 08:04 1180759                    /usr/lib/jvm/java-7-openjdk-amd64/jre/lib/amd64/server/libjvm.so
7ffd7b6a7000-7ffd7b746000 r--p 00b50000 08:04 1180759                    /usr/lib/jvm/java-7-openjdk-amd64/jre/lib/amd64/server/libjvm.so
7ffd7b746000-7ffd7b769000 rw-p 00bef000 08:04 1180759                    /usr/lib/jvm/java-7-openjdk-amd64/jre/lib/amd64/server/libjvm.so
7ffd7b769000-7ffd7b796000 rw-p 00000000 00:00 0 
7ffd7b796000-7ffd7b7b0000 r-xp 00000000 08:04 1704318                    /lib/x86_64-linux-gnu/libz.so.1.2.8
7ffd7b7b0000-7ffd7b9af000 ---p 0001a000 08:04 1704318                    /lib/x86_64-linux-gnu/libz.so.1.2.8
7ffd7b9af000-7ffd7b9b0000 r--p 00019000 08:04 1704318                    /lib/x86_64-linux-gnu/libz.so.1.2.8
7ffd7b9b0000-7ffd7b9b1000 rw-p 0001a000 08:04 1704318                    /lib/x86_64-linux-gnu/libz.so.1.2.8
7ffd7b9b1000-7ffd7bb50000 r-xp 00000000 08:04 1704857                    /lib/x86_64-linux-gnu/libc-2.19.so
7ffd7bb50000-7ffd7bd50000 ---p 0019f000 08:04 1704857                    /lib/x86_64-linux-gnu/libc-2.19.so
7ffd7bd50000-7ffd7bd54000 r--p 0019f000 08:04 1704857                    /lib/x86_64-linux-gnu/libc-2.19.so
7ffd7bd54000-7ffd7bd56000 rw-p 001a3000 08:04 1704857                    /lib/x86_64-linux-gnu/libc-2.19.so
7ffd7bd56000-7ffd7bd5a000 rw-p 00000000 00:00 0 
7ffd7bd5a000-7ffd7bd5d000 r-xp 00000000 08:04 1704860                    /lib/x86_64-linux-gnu/libdl-2.19.so
7ffd7bd5d000-7ffd7bf5c000 ---p 00003000 08:04 1704860                    /lib/x86_64-linux-gnu/libdl-2.19.so
7ffd7bf5c000-7ffd7bf5d000 r--p 00002000 08:04 1704860                    /lib/x86_64-linux-gnu/libdl-2.19.so
7ffd7bf5d000-7ffd7bf5e000 rw-p 00003000 08:04 1704860                    /lib/x86_64-linux-gnu/libdl-2.19.so
7ffd7bf5e000-7ffd7bf6b000 r-xp 00000000 08:04 1181322                    /usr/lib/jvm/java-7-openjdk-amd64/jre/lib/amd64/jli/libjli.so
7ffd7bf6b000-7ffd7c16a000 ---p 0000d000 08:04 1181322                    /usr/lib/jvm/java-7-openjdk-amd64/jre/lib/amd64/jli/libjli.so
7ffd7c16a000-7ffd7c16b000 r--p 0000c000 08:04 1181322                    /usr/lib/jvm/java-7-openjdk-amd64/jre/lib/amd64/jli/libjli.so
7ffd7c16b000-7ffd7c16c000 rw-p 0000d000 08:04 1181322                    /usr/lib/jvm/java-7-openjdk-amd64/jre/lib/amd64/jli/libjli.so
7ffd7c16c000-7ffd7c184000 r-xp 00000000 08:04 1700975                    /lib/x86_64-linux-gnu/libpthread-2.19.so
7ffd7c184000-7ffd7c383000 ---p 00018000 08:04 1700975                    /lib/x86_64-linux-gnu/libpthread-2.19.so
7ffd7c383000-7ffd7c384000 r--p 00017000 08:04 1700975                    /lib/x86_64-linux-gnu/libpthread-2.19.so
7ffd7c384000-7ffd7c385000 rw-p 00018000 08:04 1700975                    /lib/x86_64-linux-gnu/libpthread-2.19.so
7ffd7c385000-7ffd7c389000 rw-p 00000000 00:00 0 
7ffd7c389000-7ffd7c3a9000 r-xp 00000000 08:04 1704854                    /lib/x86_64-linux-gnu/ld-2.19.so
7ffd7c3bf000-7ffd7c3cb000 rw-p 00000000 00:00 0 
7ffd7c3cb000-7ffd7c481000 rw-p 00000000 00:00 0 
7ffd7c481000-7ffd7c484000 ---p 00000000 00:00 0 
7ffd7c484000-7ffd7c59d000 rw-p 00000000 00:00 0                          [stack:12460]
7ffd7c59d000-7ffd7c5a5000 rw-s 00000000 08:04 1464187                    /tmp/hsperfdata_btomasulo/12458
7ffd7c5a5000-7ffd7c5a6000 rw-p 00000000 00:00 0 
7ffd7c5a6000-7ffd7c5a7000 r--p 00000000 00:00 0 
7ffd7c5a7000-7ffd7c5a9000 rw-p 00000000 00:00 0 
7ffd7c5a9000-7ffd7c5aa000 r--p 00020000 08:04 1704854                    /lib/x86_64-linux-gnu/ld-2.19.so
7ffd7c5aa000-7ffd7c5ab000 rw-p 00021000 08:04 1704854                    /lib/x86_64-linux-gnu/ld-2.19.so
7ffd7c5ab000-7ffd7c5ac000 rw-p 00000000 00:00 0 
7fff5c8ee000-7fff5c90f000 rw-p 00000000 00:00 0                          [stack]
7fff5c9fc000-7fff5c9fe000 r-xp 00000000 00:00 0                          [vdso]
7fff5c9fe000-7fff5ca00000 r--p 00000000 00:00 0                          [vvar]
ffffffffff600000-ffffffffff601000 r-xp 00000000 00:00 0                  [vsyscall]

VM Arguments:
jvm_args: -Dfile.encoding=UTF-8 -Xbootclasspath:/home/btomasulo/AndroidSDK/sdk/platforms/android-16/android.jar 
java_command: com.example.mainservercode.ServerMain
Launcher Type: SUN_STANDARD

Environment Variables:
PATH=/usr/local/bin:/usr/bin:/bin:/usr/local/games:/usr/games
USERNAME=btomasulo
SHELL=/bin/bash
DISPLAY=:0.0

Signal Handlers:
SIGSEGV: [libjvm.so+0x982dc0], sa_mask[0]=0x7ffbfeff, sa_flags=0x10000004
SIGBUS: [libjvm.so+0x982dc0], sa_mask[0]=0x7ffbfeff, sa_flags=0x10000004
SIGFPE: [libjvm.so+0x7f12a0], sa_mask[0]=0x7ffbfeff, sa_flags=0x10000004
SIGPIPE: [libjvm.so+0x7f12a0], sa_mask[0]=0x7ffbfeff, sa_flags=0x10000004
SIGXFSZ: [libjvm.so+0x7f12a0], sa_mask[0]=0x7ffbfeff, sa_flags=0x10000004
SIGILL: [libjvm.so+0x7f12a0], sa_mask[0]=0x7ffbfeff, sa_flags=0x10000004
SIGUSR1: SIG_DFL, sa_mask[0]=0x00000000, sa_flags=0x00000000
SIGUSR2: [libjvm.so+0x7f1120], sa_mask[0]=0x00000004, sa_flags=0x10000004
SIGHUP: SIG_DFL, sa_mask[0]=0x00000000, sa_flags=0x00000000
SIGINT: SIG_DFL, sa_mask[0]=0x00000000, sa_flags=0x00000000
SIGTERM: SIG_DFL, sa_mask[0]=0x00000000, sa_flags=0x00000000
SIGQUIT: SIG_DFL, sa_mask[0]=0x00000000, sa_flags=0x00000000
SIGTRAP: SIG_DFL, sa_mask[0]=0x00000000, sa_flags=0x00000000


---------------  S Y S T E M  ---------------

OS:jessie/sid

uname:Linux 3.16.0-4-amd64 #1 SMP Debian 3.16.7-2 (2014-11-06) x86_64
libc:glibc 2.19 NPTL 2.19 
rlimit: STACK 8192k, CORE 0k, NPROC 14539, NOFILE 65536, AS infinity
load average:0.16 0.28 0.30

/proc/meminfo:
MemTotal:        3795244 kB
MemFree:          130272 kB
MemAvailable:    1120688 kB
Buffers:          171572 kB
Cached:           946556 kB
SwapCached:            0 kB
Active:          2864244 kB
Inactive:         487200 kB
Active(anon):    2235792 kB
Inactive(anon):    29336 kB
Active(file):     628452 kB
Inactive(file):   457864 kB
Unevictable:         276 kB
Mlocked:             276 kB
SwapTotal:             0 kB
SwapFree:              0 kB
Dirty:                 8 kB
Writeback:             0 kB
AnonPages:       2233588 kB
Mapped:           341172 kB
Shmem:             31816 kB
Slab:             177924 kB
SReclaimable:     146068 kB
SUnreclaim:        31856 kB
KernelStack:        8112 kB
PageTables:        29928 kB
NFS_Unstable:          0 kB
Bounce:                0 kB
WritebackTmp:          0 kB
CommitLimit:     1897620 kB
Committed_AS:    5202188 kB
VmallocTotal:   34359738367 kB
VmallocUsed:      121092 kB
VmallocChunk:   34359610876 kB
HardwareCorrupted:     0 kB
AnonHugePages:         0 kB
HugePages_Total:       0
HugePages_Free:        0
HugePages_Rsvd:        0
HugePages_Surp:        0
Hugepagesize:       2048 kB
DirectMap4k:      197124 kB
DirectMap2M:     3731456 kB


CPU:total 2 (2 cores per cpu, 1 threads per core) family 6 model 23 stepping 10, cmov, cx8, fxsr, mmx, sse, sse2, sse3, ssse3, sse4.1, tsc

/proc/cpuinfo:
processor	: 0
vendor_id	: GenuineIntel
cpu family	: 6
model		: 23
model name	: Intel(R) Core(TM)2 Duo CPU     P8700  @ 2.53GHz
stepping	: 10
microcode	: 0xa0b
cpu MHz		: 2527.000
cache size	: 3072 KB
physical id	: 0
siblings	: 2
core id		: 0
cpu cores	: 2
apicid		: 0
initial apicid	: 0
fpu		: yes
fpu_exception	: yes
cpuid level	: 13
wp		: yes
flags		: fpu vme de pse tsc msr pae mce cx8 apic sep mtrr pge mca cmov pat pse36 clflush dts acpi mmx fxsr sse sse2 ss ht tm pbe syscall nx lm constant_tsc arch_perfmon pebs bts rep_good nopl aperfmperf pni dtes64 monitor ds_cpl vmx smx est tm2 ssse3 cx16 xtpr pdcm sse4_1 xsave lahf_lm dtherm tpr_shadow vnmi flexpriority
bogomips	: 5041.48
clflush size	: 64
cache_alignment	: 64
address sizes	: 36 bits physical, 48 bits virtual
power management:

processor	: 1
vendor_id	: GenuineIntel
cpu family	: 6
model		: 23
model name	: Intel(R) Core(TM)2 Duo CPU     P8700  @ 2.53GHz
stepping	: 10
microcode	: 0xa0b
cpu MHz		: 2527.000
cache size	: 3072 KB
physical id	: 0
siblings	: 2
core id		: 1
cpu cores	: 2
apicid		: 1
initial apicid	: 1
fpu		: yes
fpu_exception	: yes
cpuid level	: 13
wp		: yes
flags		: fpu vme de pse tsc msr pae mce cx8 apic sep mtrr pge mca cmov pat pse36 clflush dts acpi mmx fxsr sse sse2 ss ht tm pbe syscall nx lm constant_tsc arch_perfmon pebs bts rep_good nopl aperfmperf pni dtes64 monitor ds_cpl vmx smx est tm2 ssse3 cx16 xtpr pdcm sse4_1 xsave lahf_lm dtherm tpr_shadow vnmi flexpriority
bogomips	: 5041.48
clflush size	: 64
cache_alignment	: 64
address sizes	: 36 bits physical, 48 bits virtual
power management:



Memory: 4k page, physical 3795244k(130272k free), swap 0k(0k free)

vm_info: OpenJDK 64-Bit Server VM (24.65-b04) for linux-amd64 JRE (1.7.0_65-b32), built on Nov 13 2014 11:26:19 by "doko" with gcc 4.9.2

time: Mon Dec  1 11:37:09 2014
elapsed time: 0 seconds

