#
# A fatal error has been detected by the Java Runtime Environment:
#
#  Internal Error (javaClasses.cpp:139), pid=12449, tid=140168791103232
#  fatal error: Invalid layout of preloaded class
#
# JRE version:  (7.0_65-b32) (build )
# Java VM: OpenJDK 64-Bit Server VM (24.65-b04 mixed mode linux-amd64 compressed oops)
# Derivative: IcedTea 2.5.3
# Distribution: Debian GNU/Linux unstable (sid), package 7u71-2.5.3-2
# Failed to write core dump. Core dumps have been disabled. To enable core dumping, try "ulimit -c unlimited" before starting Java again
#
# If you would like to submit a bug report, please include
# instructions on how to reproduce the bug and visit:
#   http://icedtea.classpath.org/bugzilla
#

---------------  T H R E A D  ---------------

Current thread (0x00007f7b9000a000):  JavaThread "Unknown thread" [_thread_in_vm, id=12450, stack(0x00007f7b96f09000,0x00007f7b9700a000)]

Stack: [0x00007f7b96f09000,0x00007f7b9700a000],  sp=0x00007f7b97008940,  free space=1022k
Native frames: (J=compiled Java code, j=interpreted, Vv=VM code, C=native code)
V  [libjvm.so+0x9822d6]  VMError::report_and_die()+0x186
V  [libjvm.so+0x4904b2]  report_fatal(char const*, int, char const*)+0x62
V  [libjvm.so+0x5fdebf]  compute_offset(int&, klassOopDesc*, Symbol*, Symbol*, bool) [clone .constprop.61]+0xcf
V  [libjvm.so+0x5fdfa6]  java_lang_String::compute_offsets()+0x36
V  [libjvm.so+0x9008dc]  SystemDictionary::initialize_preloaded_classes(Thread*)+0xdc
V  [libjvm.so+0x94c0f8]  Universe::genesis(Thread*)+0x468
V  [libjvm.so+0x94c703]  universe2_init()+0x33
V  [libjvm.so+0x5b0e38]  init_globals()+0xb8
V  [libjvm.so+0x92dc5f]  Threads::create_vm(JavaVMInitArgs*, bool*)+0x36f
V  [libjvm.so+0x620000]  JNI_CreateJavaVM+0x60
C  [libjli.so+0x2b8e]


---------------  P R O C E S S  ---------------

Java Threads: ( => current thread )

Other Threads:

=>0x00007f7b9000a000 (exited) JavaThread "Unknown thread" [_thread_in_vm, id=12450, stack(0x00007f7b96f09000,0x00007f7b9700a000)]

VM state:not at safepoint (not fully initialized)

VM Mutex/Monitor currently owned by a thread: None

GC Heap History (0 events):
No events

Deoptimization events (0 events):
No events

Internal exceptions (0 events):
No events

Events (10 events):
Event: 0.159 loading class 0x00007f7b8a0916f0 done
Event: 0.159 loading class 0x00007f7b8a091110 done
Event: 0.159 loading class 0x00007f7b8a0910f0
Event: 0.159 loading class 0x00007f7b8a099180
Event: 0.159 loading class 0x00007f7b8a099180 done
Event: 0.159 loading class 0x00007f7b8a0991b0
Event: 0.159 loading class 0x00007f7b8a0991b0 done
Event: 0.159 loading class 0x00007f7b8a0991e0
Event: 0.159 loading class 0x00007f7b8a0991e0 done
Event: 0.159 loading class 0x00007f7b8a0910f0 done


Dynamic libraries:
00400000-00401000 r-xp 00000000 08:04 1178669                            /usr/lib/jvm/java-7-openjdk-amd64/jre/bin/java
00600000-00601000 r--p 00000000 08:04 1178669                            /usr/lib/jvm/java-7-openjdk-amd64/jre/bin/java
00601000-00602000 rw-p 00001000 08:04 1178669                            /usr/lib/jvm/java-7-openjdk-amd64/jre/bin/java
00c5b000-00c7c000 rw-p 00000000 00:00 0                                  [heap]
bba00000-bcf00000 rw-p 00000000 00:00 0 
bcf00000-c6000000 rw-p 00000000 00:00 0 
c6000000-c8680000 rw-p 00000000 00:00 0 
c8680000-eca80000 rw-p 00000000 00:00 0 
eca80000-ede00000 rw-p 00000000 00:00 0 
ede00000-100000000 rw-p 00000000 00:00 0 
7f7b7c000000-7f7b7c021000 rw-p 00000000 00:00 0 
7f7b7c021000-7f7b80000000 ---p 00000000 00:00 0 
7f7b84000000-7f7b84021000 rw-p 00000000 00:00 0 
7f7b84021000-7f7b88000000 ---p 00000000 00:00 0 
7f7b89cfd000-7f7b89f59000 rw-p 00000000 00:00 0 
7f7b89f59000-7f7b8a01b000 r--s 010c7000 08:04 1050700                    /home/btomasulo/AndroidSDK/sdk/platforms/android-16/android.jar
7f7b8a01b000-7f7b8c567000 rw-p 00000000 00:00 0 
7f7b8c567000-7f7b8c568000 ---p 00000000 00:00 0 
7f7b8c568000-7f7b8c668000 rw-p 00000000 00:00 0                          [stack:12456]
7f7b8c668000-7f7b8c669000 ---p 00000000 00:00 0 
7f7b8c669000-7f7b8c774000 rw-p 00000000 00:00 0                          [stack:12455]
7f7b8c774000-7f7b8c7bc000 rw-p 00000000 00:00 0 
7f7b8c7bc000-7f7b8c7c7000 rw-p 00000000 00:00 0 
7f7b8c7c7000-7f7b8c80f000 rw-p 00000000 00:00 0 
7f7b8c80f000-7f7b8c823000 rw-p 00000000 00:00 0 
7f7b8c823000-7f7b8c944000 rw-p 00000000 00:00 0 
7f7b8c944000-7f7b8c94e000 rw-p 00000000 00:00 0 
7f7b8c94e000-7f7b8c9df000 rw-p 00000000 00:00 0 
7f7b8c9df000-7f7b8c9e0000 rw-p 00000000 00:00 0 
7f7b8c9e0000-7f7b8cc50000 rwxp 00000000 00:00 0 
7f7b8cc50000-7f7b8f9e0000 rw-p 00000000 00:00 0 
7f7b8f9e0000-7f7b8f9e8000 r-xp 00000000 08:04 1180547                    /usr/lib/jvm/java-7-openjdk-amd64/jre/lib/amd64/libzip.so
7f7b8f9e8000-7f7b8fbe7000 ---p 00008000 08:04 1180547                    /usr/lib/jvm/java-7-openjdk-amd64/jre/lib/amd64/libzip.so
7f7b8fbe7000-7f7b8fbe8000 r--p 00007000 08:04 1180547                    /usr/lib/jvm/java-7-openjdk-amd64/jre/lib/amd64/libzip.so
7f7b8fbe8000-7f7b8fbe9000 rw-p 00008000 08:04 1180547                    /usr/lib/jvm/java-7-openjdk-amd64/jre/lib/amd64/libzip.so
7f7b8fbe9000-7f7b8fbf4000 r-xp 00000000 08:04 1704866                    /lib/x86_64-linux-gnu/libnss_files-2.19.so
7f7b8fbf4000-7f7b8fdf3000 ---p 0000b000 08:04 1704866                    /lib/x86_64-linux-gnu/libnss_files-2.19.so
7f7b8fdf3000-7f7b8fdf4000 r--p 0000a000 08:04 1704866                    /lib/x86_64-linux-gnu/libnss_files-2.19.so
7f7b8fdf4000-7f7b8fdf5000 rw-p 0000b000 08:04 1704866                    /lib/x86_64-linux-gnu/libnss_files-2.19.so
7f7b8fdf5000-7f7b8fdff000 r-xp 00000000 08:04 1704868                    /lib/x86_64-linux-gnu/libnss_nis-2.19.so
7f7b8fdff000-7f7b8fffe000 ---p 0000a000 08:04 1704868                    /lib/x86_64-linux-gnu/libnss_nis-2.19.so
7f7b8fffe000-7f7b8ffff000 r--p 00009000 08:04 1704868                    /lib/x86_64-linux-gnu/libnss_nis-2.19.so
7f7b8ffff000-7f7b90000000 rw-p 0000a000 08:04 1704868                    /lib/x86_64-linux-gnu/libnss_nis-2.19.so
7f7b90000000-7f7b90051000 rw-p 00000000 00:00 0 
7f7b90051000-7f7b94000000 ---p 00000000 00:00 0 
7f7b9401d000-7f7b94031000 rw-p 00000000 00:00 0 
7f7b94031000-7f7b94153000 rw-p 00000000 00:00 0 
7f7b94153000-7f7b94168000 r-xp 00000000 08:04 1704863                    /lib/x86_64-linux-gnu/libnsl-2.19.so
7f7b94168000-7f7b94367000 ---p 00015000 08:04 1704863                    /lib/x86_64-linux-gnu/libnsl-2.19.so
7f7b94367000-7f7b94368000 r--p 00014000 08:04 1704863                    /lib/x86_64-linux-gnu/libnsl-2.19.so
7f7b94368000-7f7b94369000 rw-p 00015000 08:04 1704863                    /lib/x86_64-linux-gnu/libnsl-2.19.so
7f7b94369000-7f7b9436b000 rw-p 00000000 00:00 0 
7f7b9436b000-7f7b94372000 r-xp 00000000 08:04 1704864                    /lib/x86_64-linux-gnu/libnss_compat-2.19.so
7f7b94372000-7f7b94571000 ---p 00007000 08:04 1704864                    /lib/x86_64-linux-gnu/libnss_compat-2.19.so
7f7b94571000-7f7b94572000 r--p 00006000 08:04 1704864                    /lib/x86_64-linux-gnu/libnss_compat-2.19.so
7f7b94572000-7f7b94573000 rw-p 00007000 08:04 1704864                    /lib/x86_64-linux-gnu/libnss_compat-2.19.so
7f7b94573000-7f7b945a0000 r-xp 00000000 08:04 1180751                    /usr/lib/jvm/java-7-openjdk-amd64/jre/lib/amd64/libjava.so
7f7b945a0000-7f7b9479f000 ---p 0002d000 08:04 1180751                    /usr/lib/jvm/java-7-openjdk-amd64/jre/lib/amd64/libjava.so
7f7b9479f000-7f7b947a0000 r--p 0002c000 08:04 1180751                    /usr/lib/jvm/java-7-openjdk-amd64/jre/lib/amd64/libjava.so
7f7b947a0000-7f7b947a2000 rw-p 0002d000 08:04 1180751                    /usr/lib/jvm/java-7-openjdk-amd64/jre/lib/amd64/libjava.so
7f7b947a2000-7f7b947b3000 r-xp 00000000 08:04 1180543                    /usr/lib/jvm/java-7-openjdk-amd64/jre/lib/amd64/libverify.so
7f7b947b3000-7f7b949b2000 ---p 00011000 08:04 1180543                    /usr/lib/jvm/java-7-openjdk-amd64/jre/lib/amd64/libverify.so
7f7b949b2000-7f7b949b4000 r--p 00010000 08:04 1180543                    /usr/lib/jvm/java-7-openjdk-amd64/jre/lib/amd64/libverify.so
7f7b949b4000-7f7b949b5000 rw-p 00012000 08:04 1180543                    /usr/lib/jvm/java-7-openjdk-amd64/jre/lib/amd64/libverify.so
7f7b949b5000-7f7b949bc000 r-xp 00000000 08:04 1705557                    /lib/x86_64-linux-gnu/librt-2.19.so
7f7b949bc000-7f7b94bbb000 ---p 00007000 08:04 1705557                    /lib/x86_64-linux-gnu/librt-2.19.so
7f7b94bbb000-7f7b94bbc000 r--p 00006000 08:04 1705557                    /lib/x86_64-linux-gnu/librt-2.19.so
7f7b94bbc000-7f7b94bbd000 rw-p 00007000 08:04 1705557                    /lib/x86_64-linux-gnu/librt-2.19.so
7f7b94bbd000-7f7b94bd3000 r-xp 00000000 08:04 1703665                    /lib/x86_64-linux-gnu/libgcc_s.so.1
7f7b94bd3000-7f7b94dd2000 ---p 00016000 08:04 1703665                    /lib/x86_64-linux-gnu/libgcc_s.so.1
7f7b94dd2000-7f7b94dd3000 rw-p 00015000 08:04 1703665                    /lib/x86_64-linux-gnu/libgcc_s.so.1
7f7b94dd3000-7f7b94ed3000 r-xp 00000000 08:04 1704861                    /lib/x86_64-linux-gnu/libm-2.19.so
7f7b94ed3000-7f7b950d2000 ---p 00100000 08:04 1704861                    /lib/x86_64-linux-gnu/libm-2.19.so
7f7b950d2000-7f7b950d3000 r--p 000ff000 08:04 1704861                    /lib/x86_64-linux-gnu/libm-2.19.so
7f7b950d3000-7f7b950d4000 rw-p 00100000 08:04 1704861                    /lib/x86_64-linux-gnu/libm-2.19.so
7f7b950d4000-7f7b951c0000 r-xp 00000000 08:04 1458316                    /usr/lib/x86_64-linux-gnu/libstdc++.so.6.0.20
7f7b951c0000-7f7b953c0000 ---p 000ec000 08:04 1458316                    /usr/lib/x86_64-linux-gnu/libstdc++.so.6.0.20
7f7b953c0000-7f7b953c8000 r--p 000ec000 08:04 1458316                    /usr/lib/x86_64-linux-gnu/libstdc++.so.6.0.20
7f7b953c8000-7f7b953ca000 rw-p 000f4000 08:04 1458316                    /usr/lib/x86_64-linux-gnu/libstdc++.so.6.0.20
7f7b953ca000-7f7b953df000 rw-p 00000000 00:00 0 
7f7b953df000-7f7b95f2f000 r-xp 00000000 08:04 1180759                    /usr/lib/jvm/java-7-openjdk-amd64/jre/lib/amd64/server/libjvm.so
7f7b95f2f000-7f7b9612f000 ---p 00b50000 08:04 1180759                    /usr/lib/jvm/java-7-openjdk-amd64/jre/lib/amd64/server/libjvm.so
7f7b9612f000-7f7b961ce000 r--p 00b50000 08:04 1180759                    /usr/lib/jvm/java-7-openjdk-amd64/jre/lib/amd64/server/libjvm.so
7f7b961ce000-7f7b961f1000 rw-p 00bef000 08:04 1180759                    /usr/lib/jvm/java-7-openjdk-amd64/jre/lib/amd64/server/libjvm.so
7f7b961f1000-7f7b9621e000 rw-p 00000000 00:00 0 
7f7b9621e000-7f7b96238000 r-xp 00000000 08:04 1704318                    /lib/x86_64-linux-gnu/libz.so.1.2.8
7f7b96238000-7f7b96437000 ---p 0001a000 08:04 1704318                    /lib/x86_64-linux-gnu/libz.so.1.2.8
7f7b96437000-7f7b96438000 r--p 00019000 08:04 1704318                    /lib/x86_64-linux-gnu/libz.so.1.2.8
7f7b96438000-7f7b96439000 rw-p 0001a000 08:04 1704318                    /lib/x86_64-linux-gnu/libz.so.1.2.8
7f7b96439000-7f7b965d8000 r-xp 00000000 08:04 1704857                    /lib/x86_64-linux-gnu/libc-2.19.so
7f7b965d8000-7f7b967d8000 ---p 0019f000 08:04 1704857                    /lib/x86_64-linux-gnu/libc-2.19.so
7f7b967d8000-7f7b967dc000 r--p 0019f000 08:04 1704857                    /lib/x86_64-linux-gnu/libc-2.19.so
7f7b967dc000-7f7b967de000 rw-p 001a3000 08:04 1704857                    /lib/x86_64-linux-gnu/libc-2.19.so
7f7b967de000-7f7b967e2000 rw-p 00000000 00:00 0 
7f7b967e2000-7f7b967e5000 r-xp 00000000 08:04 1704860                    /lib/x86_64-linux-gnu/libdl-2.19.so
7f7b967e5000-7f7b969e4000 ---p 00003000 08:04 1704860                    /lib/x86_64-linux-gnu/libdl-2.19.so
7f7b969e4000-7f7b969e5000 r--p 00002000 08:04 1704860                    /lib/x86_64-linux-gnu/libdl-2.19.so
7f7b969e5000-7f7b969e6000 rw-p 00003000 08:04 1704860                    /lib/x86_64-linux-gnu/libdl-2.19.so
7f7b969e6000-7f7b969f3000 r-xp 00000000 08:04 1181322                    /usr/lib/jvm/java-7-openjdk-amd64/jre/lib/amd64/jli/libjli.so
7f7b969f3000-7f7b96bf2000 ---p 0000d000 08:04 1181322                    /usr/lib/jvm/java-7-openjdk-amd64/jre/lib/amd64/jli/libjli.so
7f7b96bf2000-7f7b96bf3000 r--p 0000c000 08:04 1181322                    /usr/lib/jvm/java-7-openjdk-amd64/jre/lib/amd64/jli/libjli.so
7f7b96bf3000-7f7b96bf4000 rw-p 0000d000 08:04 1181322                    /usr/lib/jvm/java-7-openjdk-amd64/jre/lib/amd64/jli/libjli.so
7f7b96bf4000-7f7b96c0c000 r-xp 00000000 08:04 1700975                    /lib/x86_64-linux-gnu/libpthread-2.19.so
7f7b96c0c000-7f7b96e0b000 ---p 00018000 08:04 1700975                    /lib/x86_64-linux-gnu/libpthread-2.19.so
7f7b96e0b000-7f7b96e0c000 r--p 00017000 08:04 1700975                    /lib/x86_64-linux-gnu/libpthread-2.19.so
7f7b96e0c000-7f7b96e0d000 rw-p 00018000 08:04 1700975                    /lib/x86_64-linux-gnu/libpthread-2.19.so
7f7b96e0d000-7f7b96e11000 rw-p 00000000 00:00 0 
7f7b96e11000-7f7b96e31000 r-xp 00000000 08:04 1704854                    /lib/x86_64-linux-gnu/ld-2.19.so
7f7b96e47000-7f7b96e53000 rw-p 00000000 00:00 0 
7f7b96e53000-7f7b96f09000 rw-p 00000000 00:00 0 
7f7b96f09000-7f7b96f0c000 ---p 00000000 00:00 0 
7f7b96f0c000-7f7b97025000 rw-p 00000000 00:00 0                          [stack:12450]
7f7b97025000-7f7b9702d000 rw-s 00000000 08:04 1464187                    /tmp/hsperfdata_btomasulo/12449
7f7b9702d000-7f7b9702e000 rw-p 00000000 00:00 0 
7f7b9702e000-7f7b9702f000 r--p 00000000 00:00 0 
7f7b9702f000-7f7b97031000 rw-p 00000000 00:00 0 
7f7b97031000-7f7b97032000 r--p 00020000 08:04 1704854                    /lib/x86_64-linux-gnu/ld-2.19.so
7f7b97032000-7f7b97033000 rw-p 00021000 08:04 1704854                    /lib/x86_64-linux-gnu/ld-2.19.so
7f7b97033000-7f7b97034000 rw-p 00000000 00:00 0 
7fff4561d000-7fff4563e000 rw-p 00000000 00:00 0                          [stack]
7fff45672000-7fff45674000 r-xp 00000000 00:00 0                          [vdso]
7fff45674000-7fff45676000 r--p 00000000 00:00 0                          [vvar]
ffffffffff600000-ffffffffff601000 r-xp 00000000 00:00 0                  [vsyscall]

VM Arguments:
jvm_args: -Dfile.encoding=UTF-8 -Xbootclasspath:/home/btomasulo/AndroidSDK/sdk/platforms/android-16/android.jar 
java_command: com.example.mainservercode.ServerMain
Launcher Type: SUN_STANDARD

Environment Variables:
PATH=/usr/local/bin:/usr/bin:/bin:/usr/local/games:/usr/games
USERNAME=btomasulo
SHELL=/bin/bash
DISPLAY=:0.0

Signal Handlers:
SIGSEGV: [libjvm.so+0x982dc0], sa_mask[0]=0x7ffbfeff, sa_flags=0x10000004
SIGBUS: [libjvm.so+0x982dc0], sa_mask[0]=0x7ffbfeff, sa_flags=0x10000004
SIGFPE: [libjvm.so+0x7f12a0], sa_mask[0]=0x7ffbfeff, sa_flags=0x10000004
SIGPIPE: [libjvm.so+0x7f12a0], sa_mask[0]=0x7ffbfeff, sa_flags=0x10000004
SIGXFSZ: [libjvm.so+0x7f12a0], sa_mask[0]=0x7ffbfeff, sa_flags=0x10000004
SIGILL: [libjvm.so+0x7f12a0], sa_mask[0]=0x7ffbfeff, sa_flags=0x10000004
SIGUSR1: SIG_DFL, sa_mask[0]=0x00000000, sa_flags=0x00000000
SIGUSR2: [libjvm.so+0x7f1120], sa_mask[0]=0x00000004, sa_flags=0x10000004
SIGHUP: SIG_DFL, sa_mask[0]=0x00000000, sa_flags=0x00000000
SIGINT: SIG_DFL, sa_mask[0]=0x00000000, sa_flags=0x00000000
SIGTERM: SIG_DFL, sa_mask[0]=0x00000000, sa_flags=0x00000000
SIGQUIT: SIG_DFL, sa_mask[0]=0x00000000, sa_flags=0x00000000
SIGTRAP: SIG_DFL, sa_mask[0]=0x00000000, sa_flags=0x00000000


---------------  S Y S T E M  ---------------

OS:jessie/sid

uname:Linux 3.16.0-4-amd64 #1 SMP Debian 3.16.7-2 (2014-11-06) x86_64
libc:glibc 2.19 NPTL 2.19 
rlimit: STACK 8192k, CORE 0k, NPROC 14539, NOFILE 65536, AS infinity
load average:0.31 0.32 0.31

/proc/meminfo:
MemTotal:        3795244 kB
MemFree:          131028 kB
MemAvailable:    1121012 kB
Buffers:          171524 kB
Cached:           946184 kB
SwapCached:            0 kB
Active:          2863552 kB
Inactive:         487348 kB
Active(anon):    2235708 kB
Inactive(anon):    29336 kB
Active(file):     627844 kB
Inactive(file):   458012 kB
Unevictable:         276 kB
Mlocked:             276 kB
SwapTotal:             0 kB
SwapFree:              0 kB
Dirty:               612 kB
Writeback:             0 kB
AnonPages:       2233512 kB
Mapped:           340988 kB
Shmem:             31816 kB
Slab:             178104 kB
SReclaimable:     146124 kB
SUnreclaim:        31980 kB
KernelStack:        8128 kB
PageTables:        29780 kB
NFS_Unstable:          0 kB
Bounce:                0 kB
WritebackTmp:          0 kB
CommitLimit:     1897620 kB
Committed_AS:    5201108 kB
VmallocTotal:   34359738367 kB
VmallocUsed:      121092 kB
VmallocChunk:   34359610876 kB
HardwareCorrupted:     0 kB
AnonHugePages:         0 kB
HugePages_Total:       0
HugePages_Free:        0
HugePages_Rsvd:        0
HugePages_Surp:        0
Hugepagesize:       2048 kB
DirectMap4k:      197124 kB
DirectMap2M:     3731456 kB


CPU:total 2 (2 cores per cpu, 1 threads per core) family 6 model 23 stepping 10, cmov, cx8, fxsr, mmx, sse, sse2, sse3, ssse3, sse4.1, tsc

/proc/cpuinfo:
processor	: 0
vendor_id	: GenuineIntel
cpu family	: 6
model		: 23
model name	: Intel(R) Core(TM)2 Duo CPU     P8700  @ 2.53GHz
stepping	: 10
microcode	: 0xa0b
cpu MHz		: 2527.000
cache size	: 3072 KB
physical id	: 0
siblings	: 2
core id		: 0
cpu cores	: 2
apicid		: 0
initial apicid	: 0
fpu		: yes
fpu_exception	: yes
cpuid level	: 13
wp		: yes
flags		: fpu vme de pse tsc msr pae mce cx8 apic sep mtrr pge mca cmov pat pse36 clflush dts acpi mmx fxsr sse sse2 ss ht tm pbe syscall nx lm constant_tsc arch_perfmon pebs bts rep_good nopl aperfmperf pni dtes64 monitor ds_cpl vmx smx est tm2 ssse3 cx16 xtpr pdcm sse4_1 xsave lahf_lm dtherm tpr_shadow vnmi flexpriority
bogomips	: 5041.48
clflush size	: 64
cache_alignment	: 64
address sizes	: 36 bits physical, 48 bits virtual
power management:

processor	: 1
vendor_id	: GenuineIntel
cpu family	: 6
model		: 23
model name	: Intel(R) Core(TM)2 Duo CPU     P8700  @ 2.53GHz
stepping	: 10
microcode	: 0xa0b
cpu MHz		: 2527.000
cache size	: 3072 KB
physical id	: 0
siblings	: 2
core id		: 1
cpu cores	: 2
apicid		: 1
initial apicid	: 1
fpu		: yes
fpu_exception	: yes
cpuid level	: 13
wp		: yes
flags		: fpu vme de pse tsc msr pae mce cx8 apic sep mtrr pge mca cmov pat pse36 clflush dts acpi mmx fxsr sse sse2 ss ht tm pbe syscall nx lm constant_tsc arch_perfmon pebs bts rep_good nopl aperfmperf pni dtes64 monitor ds_cpl vmx smx est tm2 ssse3 cx16 xtpr pdcm sse4_1 xsave lahf_lm dtherm tpr_shadow vnmi flexpriority
bogomips	: 5041.48
clflush size	: 64
cache_alignment	: 64
address sizes	: 36 bits physical, 48 bits virtual
power management:



Memory: 4k page, physical 3795244k(130904k free), swap 0k(0k free)

vm_info: OpenJDK 64-Bit Server VM (24.65-b04) for linux-amd64 JRE (1.7.0_65-b32), built on Nov 13 2014 11:26:19 by "doko" with gcc 4.9.2

time: Mon Dec  1 11:36:31 2014
elapsed time: 0 seconds

